[INFO] [1747744808.473781760] [ros2_monitor]: Monitoring /autopilot/plan_twist for 30.0 seconds...
[INFO] [1747744809.451598560] [ros2_monitor]: [Interim] Msgs: 0 | Rate: 0.00 Hz | CPU: 0.0% | MEM: 59.29 MB
[INFO] [1747744810.451362880] [ros2_monitor]: [Interim] Msgs: 0 | Rate: 0.00 Hz | CPU: 1.0% | MEM: 59.29 MB
[INFO] [1747744811.451333440] [ros2_monitor]: [Interim] Msgs: 0 | Rate: 0.00 Hz | CPU: 1.0% | MEM: 59.29 MB
[INFO] [1747744812.451559328] [ros2_monitor]: [Interim] Msgs: 0 | Rate: 0.00 Hz | CPU: 0.0% | MEM: 59.29 MB
[INFO] [1747744813.451777952] [ros2_monitor]: [Interim] Msgs: 0 | Rate: 0.00 Hz | CPU: 0.0% | MEM: 59.29 MB
[INFO] [1747744814.451916416] [ros2_monitor]: [Interim] Msgs: 0 | Rate: 0.00 Hz | CPU: 1.0% | MEM: 59.29 MB
[INFO] [1747744815.451794528] [ros2_monitor]: [Interim] Msgs: 0 | Rate: 0.00 Hz | CPU: 0.0% | MEM: 59.29 MB
[INFO] [1747744816.451749248] [ros2_monitor]: [Interim] Msgs: 0 | Rate: 0.00 Hz | CPU: 0.0% | MEM: 59.29 MB
[INFO] [1747744817.451819008] [ros2_monitor]: [Interim] Msgs: 0 | Rate: 0.00 Hz | CPU: 1.0% | MEM: 59.29 MB
[INFO] [1747744818.452086016] [ros2_monitor]: [Interim] Msgs: 0 | Rate: 0.00 Hz | CPU: 0.0% | MEM: 59.29 MB
[INFO] [1747744819.451802720] [ros2_monitor]: [Interim] Msgs: 0 | Rate: 0.00 Hz | CPU: 2.0% | MEM: 59.29 MB
[INFO] [1747744820.451791456] [ros2_monitor]: [Interim] Msgs: 0 | Rate: 0.00 Hz | CPU: 0.0% | MEM: 59.29 MB
[INFO] [1747744821.452101120] [ros2_monitor]: [Interim] Msgs: 0 | Rate: 0.00 Hz | CPU: 0.0% | MEM: 59.29 MB
[INFO] [1747744822.451966048] [ros2_monitor]: [Interim] Msgs: 0 | Rate: 0.00 Hz | CPU: 0.0% | MEM: 59.29 MB
[INFO] [1747744823.451809376] [ros2_monitor]: [Interim] Msgs: 0 | Rate: 0.00 Hz | CPU: 2.0% | MEM: 59.29 MB
[INFO] [1747744824.452134176] [ros2_monitor]: [Interim] Msgs: 0 | Rate: 0.00 Hz | CPU: 0.0% | MEM: 59.29 MB
[INFO] [1747744825.451701664] [ros2_monitor]: [Interim] Msgs: 0 | Rate: 0.00 Hz | CPU: 0.0% | MEM: 59.29 MB
[INFO] [1747744826.451810240] [ros2_monitor]: [Interim] Msgs: 0 | Rate: 0.00 Hz | CPU: 1.0% | MEM: 59.29 MB
[INFO] [1747744827.451828864] [ros2_monitor]: [Interim] Msgs: 0 | Rate: 0.00 Hz | CPU: 1.0% | MEM: 59.29 MB
[INFO] [1747744828.451794272] [ros2_monitor]: [Interim] Msgs: 0 | Rate: 0.00 Hz | CPU: 0.0% | MEM: 59.29 MB
[INFO] [1747744829.451746528] [ros2_monitor]: [Interim] Msgs: 0 | Rate: 0.00 Hz | CPU: 0.0% | MEM: 59.29 MB
[INFO] [1747744830.452259264] [ros2_monitor]: [Interim] Msgs: 0 | Rate: 0.00 Hz | CPU: 1.0% | MEM: 59.29 MB
[INFO] [1747744831.452100160] [ros2_monitor]: [Interim] Msgs: 0 | Rate: 0.00 Hz | CPU: 0.0% | MEM: 59.29 MB
[INFO] [1747744832.451976000] [ros2_monitor]: [Interim] Msgs: 0 | Rate: 0.00 Hz | CPU: 1.0% | MEM: 59.29 MB
[INFO] [1747744833.451747776] [ros2_monitor]: [Interim] Msgs: 0 | Rate: 0.00 Hz | CPU: 0.0% | MEM: 59.29 MB
[INFO] [1747744834.451998176] [ros2_monitor]: [Interim] Msgs: 0 | Rate: 0.00 Hz | CPU: 0.0% | MEM: 59.29 MB
[INFO] [1747744835.451676512] [ros2_monitor]: [Interim] Msgs: 0 | Rate: 0.00 Hz | CPU: 1.0% | MEM: 59.29 MB
[INFO] [1747744836.451661344] [ros2_monitor]: [Interim] Msgs: 0 | Rate: 0.00 Hz | CPU: 1.0% | MEM: 59.29 MB
[INFO] [1747744837.451595104] [ros2_monitor]: [Interim] Msgs: 0 | Rate: 0.00 Hz | CPU: 1.0% | MEM: 59.29 MB
[INFO] [1747744838.450455296] [ros2_monitor]: [Interim] Msgs: 0 | Rate: 0.00 Hz | CPU: 0.0% | MEM: 59.29 MB
[INFO] [1747744839.451335936] [ros2_monitor]: [Interim] Msgs: 0 | Rate: 0.00 Hz | CPU: 0.0% | MEM: 59.29 MB
[INFO] [1747744840.452181856] [ros2_monitor]: [Interim] Msgs: 0 | Rate: 0.00 Hz | CPU: 0.0% | MEM: 59.29 MB
[INFO] [1747744841.452117184] [ros2_monitor]: [Interim] Msgs: 0 | Rate: 0.00 Hz | CPU: 1.0% | MEM: 59.29 MB
[INFO] [1747744842.450439392] [ros2_monitor]: [Interim] Msgs: 0 | Rate: 0.00 Hz | CPU: 1.0% | MEM: 59.29 MB
[INFO] [1747744843.452196256] [ros2_monitor]: [Interim] Msgs: 0 | Rate: 0.00 Hz | CPU: 0.0% | MEM: 59.29 MB
[INFO] [1747744844.770566592] [ros2_monitor]: [Interim] Msgs: 0 | Rate: 0.00 Hz | CPU: 0.8% | MEM: 59.29 MB
[INFO] [1747744845.452030112] [ros2_monitor]: [Interim] Msgs: 0 | Rate: 0.00 Hz | CPU: 0.0% | MEM: 59.29 MB
[INFO] [1747744846.451871264] [ros2_monitor]: [Interim] Msgs: 0 | Rate: 0.00 Hz | CPU: 1.0% | MEM: 59.29 MB
[INFO] [1747744847.452209696] [ros2_monitor]: [Interim] Msgs: 0 | Rate: 0.00 Hz | CPU: 0.0% | MEM: 59.29 MB
[INFO] [1747744848.452168320] [ros2_monitor]: [Interim] Msgs: 0 | Rate: 0.00 Hz | CPU: 1.0% | MEM: 59.29 MB
[INFO] [1747744849.452055264] [ros2_monitor]: [Interim] Msgs: 0 | Rate: 0.00 Hz | CPU: 0.0% | MEM: 59.29 MB
[INFO] [1747744850.451918176] [ros2_monitor]: [Interim] Msgs: 0 | Rate: 0.00 Hz | CPU: 1.0% | MEM: 59.29 MB
[INFO] [1747744851.452232928] [ros2_monitor]: [Interim] Msgs: 0 | Rate: 0.00 Hz | CPU: 0.0% | MEM: 59.29 MB
[INFO] [1747744852.452213760] [ros2_monitor]: [Interim] Msgs: 0 | Rate: 0.00 Hz | CPU: 1.0% | MEM: 59.29 MB
[INFO] [1747744853.452118432] [ros2_monitor]: [Interim] Msgs: 0 | Rate: 0.00 Hz | CPU: 0.0% | MEM: 59.29 MB
[INFO] [1747744854.451962752] [ros2_monitor]: [Interim] Msgs: 0 | Rate: 0.00 Hz | CPU: 1.0% | MEM: 59.29 MB
[INFO] [1747744855.451697472] [ros2_monitor]: [Interim] Msgs: 0 | Rate: 0.00 Hz | CPU: 0.0% | MEM: 59.29 MB
[INFO] [1747744856.451710336] [ros2_monitor]: [Interim] Msgs: 0 | Rate: 0.00 Hz | CPU: 0.0% | MEM: 59.29 MB
[INFO] [1747744857.451869440] [ros2_monitor]: [Interim] Msgs: 0 | Rate: 0.00 Hz | CPU: 2.0% | MEM: 59.29 MB
[INFO] [1747744858.452169728] [ros2_monitor]: [Interim] Msgs: 0 | Rate: 0.00 Hz | CPU: 0.0% | MEM: 59.29 MB
[INFO] [1747744859.451871808] [ros2_monitor]: [Interim] Msgs: 0 | Rate: 0.00 Hz | CPU: 0.0% | MEM: 59.29 MB
[INFO] [1747744860.452211616] [ros2_monitor]: [Interim] Msgs: 0 | Rate: 0.00 Hz | CPU: 1.0% | MEM: 59.29 MB
[INFO] [1747744861.451861856] [ros2_monitor]: [Interim] Msgs: 0 | Rate: 0.00 Hz | CPU: 0.0% | MEM: 59.29 MB
[INFO] [1747744862.452037504] [ros2_monitor]: [Interim] Msgs: 0 | Rate: 0.00 Hz | CPU: 1.0% | MEM: 59.29 MB
[INFO] [1747744863.452165472] [ros2_monitor]: [Interim] Msgs: 0 | Rate: 0.00 Hz | CPU: 1.0% | MEM: 59.29 MB
[INFO] [1747744864.451911200] [ros2_monitor]: [Interim] Msgs: 0 | Rate: 0.00 Hz | CPU: 0.0% | MEM: 59.29 MB
[INFO] [1747744865.451808960] [ros2_monitor]: [Interim] Msgs: 0 | Rate: 0.00 Hz | CPU: 1.0% | MEM: 59.29 MB
[INFO] [1747744866.452078592] [ros2_monitor]: [Interim] Msgs: 0 | Rate: 0.00 Hz | CPU: 0.0% | MEM: 59.29 MB
[INFO] [1747744867.451842400] [ros2_monitor]: [Interim] Msgs: 0 | Rate: 0.00 Hz | CPU: 1.0% | MEM: 59.29 MB
[INFO] [1747744868.451742784] [ros2_monitor]: [Interim] Msgs: 0 | Rate: 0.00 Hz | CPU: 0.0% | MEM: 59.29 MB
[INFO] [1747744869.452051872] [ros2_monitor]: [Interim] Msgs: 0 | Rate: 0.00 Hz | CPU: 1.0% | MEM: 59.29 MB
[INFO] [1747744870.452283552] [ros2_monitor]: [Interim] Msgs: 0 | Rate: 0.00 Hz | CPU: 0.0% | MEM: 59.29 MB
[INFO] [1747744871.451768384] [ros2_monitor]: [Interim] Msgs: 0 | Rate: 0.00 Hz | CPU: 1.0% | MEM: 59.29 MB
[INFO] [1747744872.451801376] [ros2_monitor]: [Interim] Msgs: 0 | Rate: 0.00 Hz | CPU: 0.0% | MEM: 59.29 MB
Traceback (most recent call last):
  File "/home/lab/dds_benchmark/run_ros2_monitor.py", line 156, in main
    rclpy.spin(monitor)
  File "/opt/ros/humble/local/lib/python3.10/dist-packages/rclpy/__init__.py", line 226, in spin
    executor.spin_once()
  File "/opt/ros/humble/local/lib/python3.10/dist-packages/rclpy/executors.py", line 751, in spin_once
    self._spin_once_impl(timeout_sec)
  File "/opt/ros/humble/local/lib/python3.10/dist-packages/rclpy/executors.py", line 740, in _spin_once_impl
    handler, entity, node = self.wait_for_ready_callbacks(timeout_sec=timeout_sec)
  File "/opt/ros/humble/local/lib/python3.10/dist-packages/rclpy/executors.py", line 723, in wait_for_ready_callbacks
    return next(self._cb_iter)
  File "/opt/ros/humble/local/lib/python3.10/dist-packages/rclpy/executors.py", line 624, in _wait_for_ready_callbacks
    raise ExternalShutdownException()
rclpy.executors.ExternalShutdownException

During handling of the above exception, another exception occurred:

Traceback (most recent call last):
  File "/home/lab/dds_benchmark/run_ros2_monitor.py", line 165, in <module>
    main()
  File "/home/lab/dds_benchmark/run_ros2_monitor.py", line 161, in main
    rclpy.shutdown()
  File "/opt/ros/humble/local/lib/python3.10/dist-packages/rclpy/__init__.py", line 130, in shutdown
    _shutdown(context=context)
  File "/opt/ros/humble/local/lib/python3.10/dist-packages/rclpy/utilities.py", line 58, in shutdown
    return context.shutdown()
  File "/opt/ros/humble/local/lib/python3.10/dist-packages/rclpy/context.py", line 102, in shutdown
    self.__context.shutdown()
rclpy._rclpy_pybind11.RCLError: failed to shutdown: rcl_shutdown already called on the given context, at ./src/rcl/init.c:241
