[INFO] [1747659056.390257801] [ros2_monitor]: Monitoring /robot/battery/info for 30.0 seconds...
[INFO] [1747659057.367683555] [ros2_monitor]: [Interim] Msgs: 0 | Rate: 0.00 Hz | CPU: 0.0% | MEM: 53.57 MB
[INFO] [1747659058.367522215] [ros2_monitor]: [Interim] Msgs: 0 | Rate: 0.00 Hz | CPU: 1.0% | MEM: 53.57 MB
[INFO] [1747659059.367826480] [ros2_monitor]: [Interim] Msgs: 0 | Rate: 0.00 Hz | CPU: 0.0% | MEM: 53.57 MB
[INFO] [1747659060.368106325] [ros2_monitor]: [Interim] Msgs: 0 | Rate: 0.00 Hz | CPU: 1.0% | MEM: 53.57 MB
[INFO] [1747659061.368462424] [ros2_monitor]: [Interim] Msgs: 0 | Rate: 0.00 Hz | CPU: 0.0% | MEM: 53.57 MB
[INFO] [1747659062.368550772] [ros2_monitor]: [Interim] Msgs: 0 | Rate: 0.00 Hz | CPU: 0.0% | MEM: 53.57 MB
[INFO] [1747659063.368573867] [ros2_monitor]: [Interim] Msgs: 0 | Rate: 0.00 Hz | CPU: 1.0% | MEM: 53.57 MB
[INFO] [1747659064.368500733] [ros2_monitor]: [Interim] Msgs: 0 | Rate: 0.00 Hz | CPU: 0.0% | MEM: 53.57 MB
[INFO] [1747659065.368572366] [ros2_monitor]: [Interim] Msgs: 0 | Rate: 0.00 Hz | CPU: 0.0% | MEM: 53.57 MB
[INFO] [1747659066.369661901] [ros2_monitor]: [Interim] Msgs: 0 | Rate: 0.00 Hz | CPU: 2.0% | MEM: 53.57 MB
[INFO] [1747659067.368395041] [ros2_monitor]: [Interim] Msgs: 0 | Rate: 0.00 Hz | CPU: 0.0% | MEM: 53.57 MB
[INFO] [1747659068.369141812] [ros2_monitor]: [Interim] Msgs: 0 | Rate: 0.00 Hz | CPU: 1.0% | MEM: 53.57 MB
[INFO] [1747659069.368576910] [ros2_monitor]: [Interim] Msgs: 0 | Rate: 0.00 Hz | CPU: 0.0% | MEM: 53.57 MB
[INFO] [1747659070.368052485] [ros2_monitor]: [Interim] Msgs: 0 | Rate: 0.00 Hz | CPU: 0.0% | MEM: 53.83 MB
[INFO] [1747659071.367716508] [ros2_monitor]: [Interim] Msgs: 0 | Rate: 0.00 Hz | CPU: 1.0% | MEM: 53.83 MB
[INFO] [1747659072.368626692] [ros2_monitor]: [Interim] Msgs: 0 | Rate: 0.00 Hz | CPU: 1.0% | MEM: 53.83 MB
[INFO] [1747659073.369185219] [ros2_monitor]: [Interim] Msgs: 0 | Rate: 0.00 Hz | CPU: 0.0% | MEM: 53.83 MB
[INFO] [1747659074.368746479] [ros2_monitor]: [Interim] Msgs: 0 | Rate: 0.00 Hz | CPU: 0.0% | MEM: 53.83 MB
[INFO] [1747659075.369186310] [ros2_monitor]: [Interim] Msgs: 0 | Rate: 0.00 Hz | CPU: 1.0% | MEM: 53.83 MB
[INFO] [1747659076.368551816] [ros2_monitor]: [Interim] Msgs: 0 | Rate: 0.00 Hz | CPU: 1.0% | MEM: 53.83 MB
[INFO] [1747659077.369032249] [ros2_monitor]: [Interim] Msgs: 0 | Rate: 0.00 Hz | CPU: 1.0% | MEM: 53.83 MB
[INFO] [1747659078.368375828] [ros2_monitor]: [Interim] Msgs: 0 | Rate: 0.00 Hz | CPU: 0.0% | MEM: 53.83 MB
[INFO] [1747659079.368475256] [ros2_monitor]: [Interim] Msgs: 0 | Rate: 0.00 Hz | CPU: 0.0% | MEM: 53.83 MB
[INFO] [1747659080.368425783] [ros2_monitor]: [Interim] Msgs: 0 | Rate: 0.00 Hz | CPU: 1.0% | MEM: 53.83 MB
[INFO] [1747659081.368504213] [ros2_monitor]: [Interim] Msgs: 0 | Rate: 0.00 Hz | CPU: 0.0% | MEM: 53.83 MB
[INFO] [1747659082.368689489] [ros2_monitor]: [Interim] Msgs: 0 | Rate: 0.00 Hz | CPU: 1.0% | MEM: 53.83 MB
[INFO] [1747659083.368501444] [ros2_monitor]: [Interim] Msgs: 0 | Rate: 0.00 Hz | CPU: 0.0% | MEM: 53.83 MB
[INFO] [1747659084.366792059] [ros2_monitor]: [Interim] Msgs: 0 | Rate: 0.00 Hz | CPU: 1.0% | MEM: 53.83 MB
[INFO] [1747659085.366767179] [ros2_monitor]: [Interim] Msgs: 0 | Rate: 0.00 Hz | CPU: 0.0% | MEM: 53.83 MB
[INFO] [1747659086.368397874] [ros2_monitor]: [Interim] Msgs: 0 | Rate: 0.00 Hz | CPU: 0.0% | MEM: 53.83 MB
[INFO] [1747659087.366815586] [ros2_monitor]: [Interim] Msgs: 0 | Rate: 0.00 Hz | CPU: 1.0% | MEM: 53.83 MB
[INFO] [1747659088.368659302] [ros2_monitor]: [Interim] Msgs: 0 | Rate: 0.00 Hz | CPU: 0.0% | MEM: 53.83 MB
[INFO] [1747659089.368533159] [ros2_monitor]: [Interim] Msgs: 0 | Rate: 0.00 Hz | CPU: 1.0% | MEM: 53.83 MB
[INFO] [1747659090.367672025] [ros2_monitor]: [Interim] Msgs: 0 | Rate: 0.00 Hz | CPU: 0.0% | MEM: 53.83 MB
[INFO] [1747659091.368569317] [ros2_monitor]: [Interim] Msgs: 0 | Rate: 0.00 Hz | CPU: 1.0% | MEM: 53.83 MB
[INFO] [1747659092.367439277] [ros2_monitor]: [Interim] Msgs: 0 | Rate: 0.00 Hz | CPU: 0.0% | MEM: 53.83 MB
[INFO] [1747659093.367751368] [ros2_monitor]: [Interim] Msgs: 0 | Rate: 0.00 Hz | CPU: 0.0% | MEM: 53.83 MB
[INFO] [1747659094.367595354] [ros2_monitor]: [Interim] Msgs: 0 | Rate: 0.00 Hz | CPU: 1.0% | MEM: 53.83 MB
[INFO] [1747659095.368578842] [ros2_monitor]: [Interim] Msgs: 0 | Rate: 0.00 Hz | CPU: 0.0% | MEM: 53.83 MB
[INFO] [1747659096.368430981] [ros2_monitor]: [Interim] Msgs: 0 | Rate: 0.00 Hz | CPU: 1.0% | MEM: 53.83 MB
[INFO] [1747659097.368524145] [ros2_monitor]: [Interim] Msgs: 0 | Rate: 0.00 Hz | CPU: 1.0% | MEM: 53.83 MB
[INFO] [1747659098.368419127] [ros2_monitor]: [Interim] Msgs: 0 | Rate: 0.00 Hz | CPU: 1.0% | MEM: 53.83 MB
[INFO] [1747659099.368625822] [ros2_monitor]: [Interim] Msgs: 0 | Rate: 0.00 Hz | CPU: 0.0% | MEM: 53.83 MB
[INFO] [1747659100.367551918] [ros2_monitor]: [Interim] Msgs: 0 | Rate: 0.00 Hz | CPU: 0.0% | MEM: 53.83 MB
[INFO] [1747659101.367640110] [ros2_monitor]: [Interim] Msgs: 0 | Rate: 0.00 Hz | CPU: 1.0% | MEM: 53.20 MB
[INFO] [1747659102.367563144] [ros2_monitor]: [Interim] Msgs: 0 | Rate: 0.00 Hz | CPU: 1.0% | MEM: 53.20 MB
[INFO] [1747659103.367548543] [ros2_monitor]: [Interim] Msgs: 0 | Rate: 0.00 Hz | CPU: 0.0% | MEM: 53.20 MB
[INFO] [1747659104.367776728] [ros2_monitor]: [Interim] Msgs: 0 | Rate: 0.00 Hz | CPU: 0.0% | MEM: 53.20 MB
[INFO] [1747659105.367840715] [ros2_monitor]: [Interim] Msgs: 0 | Rate: 0.00 Hz | CPU: 1.0% | MEM: 53.20 MB
[INFO] [1747659106.367799066] [ros2_monitor]: [Interim] Msgs: 0 | Rate: 0.00 Hz | CPU: 0.0% | MEM: 53.20 MB
[INFO] [1747659107.367351294] [ros2_monitor]: [Interim] Msgs: 0 | Rate: 0.00 Hz | CPU: 0.0% | MEM: 53.20 MB
[INFO] [1747659108.366739421] [ros2_monitor]: [Interim] Msgs: 0 | Rate: 0.00 Hz | CPU: 0.0% | MEM: 53.20 MB
[INFO] [1747659109.367849941] [ros2_monitor]: [Interim] Msgs: 0 | Rate: 0.00 Hz | CPU: 1.0% | MEM: 53.20 MB
[INFO] [1747659110.367608340] [ros2_monitor]: [Interim] Msgs: 0 | Rate: 0.00 Hz | CPU: 0.0% | MEM: 53.20 MB
[INFO] [1747659111.368483490] [ros2_monitor]: [Interim] Msgs: 0 | Rate: 0.00 Hz | CPU: 0.0% | MEM: 53.20 MB
[INFO] [1747659112.368390366] [ros2_monitor]: [Interim] Msgs: 0 | Rate: 0.00 Hz | CPU: 1.0% | MEM: 53.20 MB
[INFO] [1747659113.368557594] [ros2_monitor]: [Interim] Msgs: 0 | Rate: 0.00 Hz | CPU: 1.0% | MEM: 53.20 MB
[INFO] [1747659114.368505936] [ros2_monitor]: [Interim] Msgs: 0 | Rate: 0.00 Hz | CPU: 0.0% | MEM: 53.20 MB
[INFO] [1747659115.369230896] [ros2_monitor]: [Interim] Msgs: 0 | Rate: 0.00 Hz | CPU: 1.0% | MEM: 53.20 MB
[INFO] [1747659116.368719257] [ros2_monitor]: [Interim] Msgs: 0 | Rate: 0.00 Hz | CPU: 0.0% | MEM: 53.20 MB
[INFO] [1747659117.368396578] [ros2_monitor]: [Interim] Msgs: 0 | Rate: 0.00 Hz | CPU: 1.0% | MEM: 53.20 MB
[INFO] [1747659118.368474094] [ros2_monitor]: [Interim] Msgs: 0 | Rate: 0.00 Hz | CPU: 1.0% | MEM: 53.20 MB
[INFO] [1747659119.367646441] [ros2_monitor]: [Interim] Msgs: 0 | Rate: 0.00 Hz | CPU: 0.0% | MEM: 53.20 MB
[INFO] [1747659120.367880146] [ros2_monitor]: [Interim] Msgs: 0 | Rate: 0.00 Hz | CPU: 1.0% | MEM: 53.20 MB
Traceback (most recent call last):
  File "/home/lab/dds_benchmark/run_ros2_monitor.py", line 157, in main
    rclpy.spin(monitor)
  File "/opt/ros/humble/local/lib/python3.10/dist-packages/rclpy/__init__.py", line 226, in spin
    executor.spin_once()
  File "/opt/ros/humble/local/lib/python3.10/dist-packages/rclpy/executors.py", line 751, in spin_once
    self._spin_once_impl(timeout_sec)
  File "/opt/ros/humble/local/lib/python3.10/dist-packages/rclpy/executors.py", line 740, in _spin_once_impl
    handler, entity, node = self.wait_for_ready_callbacks(timeout_sec=timeout_sec)
  File "/opt/ros/humble/local/lib/python3.10/dist-packages/rclpy/executors.py", line 723, in wait_for_ready_callbacks
    return next(self._cb_iter)
  File "/opt/ros/humble/local/lib/python3.10/dist-packages/rclpy/executors.py", line 624, in _wait_for_ready_callbacks
    raise ExternalShutdownException()
rclpy.executors.ExternalShutdownException

During handling of the above exception, another exception occurred:

Traceback (most recent call last):
  File "/home/lab/dds_benchmark/run_ros2_monitor.py", line 166, in <module>
    main()
  File "/home/lab/dds_benchmark/run_ros2_monitor.py", line 162, in main
    rclpy.shutdown()
  File "/opt/ros/humble/local/lib/python3.10/dist-packages/rclpy/__init__.py", line 130, in shutdown
    _shutdown(context=context)
  File "/opt/ros/humble/local/lib/python3.10/dist-packages/rclpy/utilities.py", line 58, in shutdown
    return context.shutdown()
  File "/opt/ros/humble/local/lib/python3.10/dist-packages/rclpy/context.py", line 102, in shutdown
    self.__context.shutdown()
rclpy._rclpy_pybind11.RCLError: failed to shutdown: rcl_shutdown already called on the given context, at ./src/rcl/init.c:241
